{"numFailedTestSuites":0,"numFailedTests":0,"numPassedTestSuites":3,"numPassedTests":5,"numPendingTestSuites":0,"numPendingTests":0,"numRuntimeErrorTestSuites":0,"numTotalTestSuites":3,"numTotalTests":5,"snapshot":{"added":0,"didUpdate":false,"failure":false,"filesAdded":0,"filesRemoved":0,"filesUnmatched":0,"filesUpdated":0,"matched":0,"total":0,"unchecked":0,"uncheckedKeys":[],"unmatched":0,"updated":0},"startTime":1529073271122,"success":true,"testResults":[{"assertionResults":[{"ancestorTitles":["AppComponent"],"failureMessages":[],"fullName":"AppComponent should create the app","location":null,"status":"passed","title":"should create the app"},{"ancestorTitles":["AppComponent"],"failureMessages":[],"fullName":"AppComponent should have as title 'app'","location":null,"status":"passed","title":"should have as title 'app'"},{"ancestorTitles":["AppComponent"],"failureMessages":[],"fullName":"AppComponent should render title in a h1 tag","location":null,"status":"passed","title":"should render title in a h1 tag"}],"endTime":1529073272686,"message":"","name":"/srv/data/git/rhalff/storybook/examples/angular-cli/src/app/app.component.spec.ts","startTime":1529073271524,"status":"passed","summary":""},{"assertionResults":[{"ancestorTitles":["TestLibComponent"],"failureMessages":[],"fullName":"TestLibComponent should create","location":null,"status":"passed","title":"should create"}],"endTime":1529073272798,"message":"","name":"/srv/data/git/rhalff/storybook/examples/angular-cli/projects/test-lib/src/lib/test-lib.component.spec.ts","startTime":1529073272695,"status":"passed","summary":""},{"assertionResults":[{"ancestorTitles":["TestLibService"],"failureMessages":[],"fullName":"TestLibService should be created","location":null,"status":"passed","title":"should be created"}],"endTime":1529073272899,"message":"","name":"/srv/data/git/rhalff/storybook/examples/angular-cli/projects/test-lib/src/lib/test-lib.service.spec.ts","startTime":1529073272803,"status":"passed","summary":""}],"wasInterrupted":false}